0 info it worked if it ends with ok
1 verbose cli [ '/Users/chrislawrence/.nvm/versions/node/v6.8.0/bin/node',
1 verbose cli   '/Users/chrislawrence/.nvm/versions/node/v6.8.0/bin/npm',
1 verbose cli   'start' ]
2 info using npm@3.10.8
3 info using node@v6.8.0
4 verbose run-script [ 'prestart', 'start', 'poststart' ]
5 info lifecycle keepin-tabs-v2@0.0.1~prestart: keepin-tabs-v2@0.0.1
6 silly lifecycle keepin-tabs-v2@0.0.1~prestart: no script for prestart, continuing
7 info lifecycle keepin-tabs-v2@0.0.1~start: keepin-tabs-v2@0.0.1
8 verbose lifecycle keepin-tabs-v2@0.0.1~start: unsafe-perm in lifecycle true
9 verbose lifecycle keepin-tabs-v2@0.0.1~start: PATH: /Users/chrislawrence/.nvm/versions/node/v6.8.0/lib/node_modules/npm/bin/node-gyp-bin:/Users/chrislawrence/Projects/Nanimokamo/keepin-tabs-v2/node_modules/.bin:/Users/chrislawrence/.nvm/versions/node/v6.8.0/bin:/Users/chrislawrence/.rvm/gems/ruby-2.2.0/bin:/Users/chrislawrence/.rvm/gems/ruby-2.2.0@global/bin:/Users/chrislawrence/.rvm/rubies/ruby-2.2.0/bin:/Applications/MAMP/bin/php/php5.6.10/bin:/usr/local/bin:/usr/bin:/bin:/usr/sbin:/sbin:/usr/local/go/bin:/Users/chrislawrence/.rvm/bin
10 verbose lifecycle keepin-tabs-v2@0.0.1~start: CWD: /Users/chrislawrence/Projects/Nanimokamo/keepin-tabs-v2
11 silly lifecycle keepin-tabs-v2@0.0.1~start: Args: [ '-c', 'npm run gulp' ]
12 silly lifecycle keepin-tabs-v2@0.0.1~start: Returned: code: 1  signal: null
13 info lifecycle keepin-tabs-v2@0.0.1~start: Failed to exec start script
14 verbose stack Error: keepin-tabs-v2@0.0.1 start: `npm run gulp`
14 verbose stack Exit status 1
14 verbose stack     at EventEmitter.<anonymous> (/Users/chrislawrence/.nvm/versions/node/v6.8.0/lib/node_modules/npm/lib/utils/lifecycle.js:255:16)
14 verbose stack     at emitTwo (events.js:106:13)
14 verbose stack     at EventEmitter.emit (events.js:191:7)
14 verbose stack     at ChildProcess.<anonymous> (/Users/chrislawrence/.nvm/versions/node/v6.8.0/lib/node_modules/npm/lib/utils/spawn.js:40:14)
14 verbose stack     at emitTwo (events.js:106:13)
14 verbose stack     at ChildProcess.emit (events.js:191:7)
14 verbose stack     at maybeClose (internal/child_process.js:877:16)
14 verbose stack     at Process.ChildProcess._handle.onexit (internal/child_process.js:226:5)
15 verbose pkgid keepin-tabs-v2@0.0.1
16 verbose cwd /Users/chrislawrence/Projects/Nanimokamo/keepin-tabs-v2
17 error Darwin 16.0.0
18 error argv "/Users/chrislawrence/.nvm/versions/node/v6.8.0/bin/node" "/Users/chrislawrence/.nvm/versions/node/v6.8.0/bin/npm" "start"
19 error node v6.8.0
20 error npm  v3.10.8
21 error code ELIFECYCLE
22 error keepin-tabs-v2@0.0.1 start: `npm run gulp`
22 error Exit status 1
23 error Failed at the keepin-tabs-v2@0.0.1 start script 'npm run gulp'.
23 error Make sure you have the latest version of node.js and npm installed.
23 error If you do, this is most likely a problem with the keepin-tabs-v2 package,
23 error not with npm itself.
23 error Tell the author that this fails on your system:
23 error     npm run gulp
23 error You can get information on how to open an issue for this project with:
23 error     npm bugs keepin-tabs-v2
23 error Or if that isn't available, you can get their info via:
23 error     npm owner ls keepin-tabs-v2
23 error There is likely additional logging output above.
24 verbose exit [ 1, true ]
